{"W:\\corotos\\index.js": {"path":"W:\\corotos\\index.js","statementMap":{"0":{"start":{"line":1,"column":16},"end":{"line":1,"column":34}},"1":{"start":{"line":2,"column":19},"end":{"line":2,"column":41}},"2":{"start":{"line":3,"column":15},"end":{"line":3,"column":32}},"3":{"start":{"line":4,"column":17},"end":{"line":4,"column":36}},"4":{"start":{"line":5,"column":17},"end":{"line":5,"column":36}},"5":{"start":{"line":7,"column":15},"end":{"line":7,"column":40}},"6":{"start":{"line":8,"column":16},"end":{"line":8,"column":42}},"7":{"start":{"line":9,"column":15},"end":{"line":9,"column":34}},"8":{"start":{"line":10,"column":15},"end":{"line":10,"column":38}},"9":{"start":{"line":11,"column":22},"end":{"line":11,"column":57}},"10":{"start":{"line":13,"column":0},"end":{"line":13,"column":22}},"11":{"start":{"line":15,"column":0},"end":{"line":17,"column":3}},"12":{"start":{"line":19,"column":0},"end":{"line":22,"column":3}},"13":{"start":{"line":20,"column":2},"end":{"line":20,"column":52}},"14":{"start":{"line":21,"column":2},"end":{"line":21,"column":18}},"15":{"start":{"line":24,"column":12},"end":{"line":24,"column":21}},"16":{"start":{"line":26,"column":0},"end":{"line":26,"column":27}},"17":{"start":{"line":28,"column":0},"end":{"line":34,"column":2}},"18":{"start":{"line":31,"column":24},"end":{"line":31,"column":51}},"19":{"start":{"line":36,"column":0},"end":{"line":36,"column":31}},"20":{"start":{"line":38,"column":0},"end":{"line":38,"column":16}},"21":{"start":{"line":40,"column":0},"end":{"line":40,"column":39}},"22":{"start":{"line":42,"column":0},"end":{"line":46,"column":1}},"23":{"start":{"line":43,"column":2},"end":{"line":43,"column":36}},"24":{"start":{"line":45,"column":2},"end":{"line":45,"column":35}},"25":{"start":{"line":48,"column":15},"end":{"line":50,"column":2}},"26":{"start":{"line":49,"column":2},"end":{"line":49,"column":40}},"27":{"start":{"line":52,"column":0},"end":{"line":55,"column":2}}},"fnMap":{"0":{"name":"(anonymous_0)","decl":{"start":{"line":19,"column":32},"end":{"line":19,"column":33}},"loc":{"start":{"line":19,"column":38},"end":{"line":22,"column":1}},"line":19},"1":{"name":"(anonymous_1)","decl":{"start":{"line":31,"column":13},"end":{"line":31,"column":14}},"loc":{"start":{"line":31,"column":24},"end":{"line":31,"column":51}},"line":31},"2":{"name":"(anonymous_2)","decl":{"start":{"line":48,"column":39},"end":{"line":48,"column":40}},"loc":{"start":{"line":48,"column":45},"end":{"line":50,"column":1}},"line":48}},"branchMap":{"0":{"loc":{"start":{"line":42,"column":0},"end":{"line":46,"column":1}},"type":"if","locations":[{"start":{"line":42,"column":0},"end":{"line":46,"column":1}},{"start":{"line":42,"column":0},"end":{"line":46,"column":1}}],"line":42}},"s":{"0":2,"1":2,"2":2,"3":2,"4":2,"5":2,"6":2,"7":2,"8":2,"9":2,"10":2,"11":2,"12":2,"13":0,"14":0,"15":2,"16":2,"17":2,"18":37,"19":2,"20":2,"21":2,"22":2,"23":0,"24":2,"25":2,"26":2,"27":2},"f":{"0":0,"1":37,"2":2},"b":{"0":[0,2]},"_coverageSchema":"43e27e138ebf9cfc5966b082cf9a028302ed4184","hash":"07eb04c8ef3324d28f15b01451687a0f94eb9fcb"}
,"W:\\corotos\\api\\libs\\auth.js": {"path":"W:\\corotos\\api\\libs\\auth.js","statementMap":{"0":{"start":{"line":1,"column":20},"end":{"line":1,"column":43}},"1":{"start":{"line":3,"column":12},"end":{"line":3,"column":41}},"2":{"start":{"line":4,"column":15},"end":{"line":4,"column":38}},"3":{"start":{"line":5,"column":23},"end":{"line":5,"column":66}},"4":{"start":{"line":7,"column":19},"end":{"line":10,"column":1}},"5":{"start":{"line":12,"column":0},"end":{"line":41,"column":3}},"6":{"start":{"line":13,"column":2},"end":{"line":39,"column":4}},"7":{"start":{"line":15,"column":4},"end":{"line":23,"column":5}},"8":{"start":{"line":16,"column":6},"end":{"line":20,"column":8}},"9":{"start":{"line":21,"column":6},"end":{"line":21,"column":24}},"10":{"start":{"line":22,"column":6},"end":{"line":22,"column":13}},"11":{"start":{"line":25,"column":4},"end":{"line":29,"column":6}},"12":{"start":{"line":31,"column":4},"end":{"line":34,"column":7}},"13":{"start":{"line":36,"column":4},"end":{"line":36,"column":67}},"14":{"start":{"line":38,"column":4},"end":{"line":38,"column":16}}},"fnMap":{"0":{"name":"(anonymous_0)","decl":{"start":{"line":12,"column":54},"end":{"line":12,"column":55}},"loc":{"start":{"line":12,"column":76},"end":{"line":41,"column":1}},"line":12},"1":{"name":"(anonymous_1)","decl":{"start":{"line":14,"column":8},"end":{"line":14,"column":9}},"loc":{"start":{"line":14,"column":16},"end":{"line":35,"column":3}},"line":14},"2":{"name":"(anonymous_2)","decl":{"start":{"line":35,"column":11},"end":{"line":35,"column":12}},"loc":{"start":{"line":35,"column":20},"end":{"line":39,"column":3}},"line":35}},"branchMap":{"0":{"loc":{"start":{"line":15,"column":4},"end":{"line":23,"column":5}},"type":"if","locations":[{"start":{"line":15,"column":4},"end":{"line":23,"column":5}},{"start":{"line":15,"column":4},"end":{"line":23,"column":5}}],"line":15}},"s":{"0":2,"1":2,"2":2,"3":2,"4":2,"5":2,"6":8,"7":8,"8":0,"9":0,"10":0,"11":8,"12":8,"13":0,"14":0},"f":{"0":8,"1":8,"2":0},"b":{"0":[0,8]},"_coverageSchema":"43e27e138ebf9cfc5966b082cf9a028302ed4184","hash":"c75bcc766de1673893cca2292b9845cec3467257"}
,"W:\\corotos\\api\\libs\\errorHandlers.js": {"path":"W:\\corotos\\api\\libs\\errorHandlers.js","statementMap":{"0":{"start":{"line":1,"column":12},"end":{"line":1,"column":41}},"1":{"start":{"line":2,"column":17},"end":{"line":2,"column":36}},"2":{"start":{"line":4,"column":0},"end":{"line":8,"column":2}},"3":{"start":{"line":5,"column":2},"end":{"line":7,"column":4}},"4":{"start":{"line":6,"column":4},"end":{"line":6,"column":35}},"5":{"start":{"line":10,"column":0},"end":{"line":19,"column":2}},"6":{"start":{"line":11,"column":2},"end":{"line":16,"column":3}},"7":{"start":{"line":12,"column":4},"end":{"line":12,"column":60}},"8":{"start":{"line":14,"column":4},"end":{"line":14,"column":60}},"9":{"start":{"line":15,"column":4},"end":{"line":15,"column":21}},"10":{"start":{"line":18,"column":2},"end":{"line":18,"column":12}},"11":{"start":{"line":21,"column":0},"end":{"line":26,"column":2}},"12":{"start":{"line":22,"column":2},"end":{"line":22,"column":32}},"13":{"start":{"line":23,"column":2},"end":{"line":25,"column":5}},"14":{"start":{"line":28,"column":0},"end":{"line":34,"column":2}},"15":{"start":{"line":29,"column":2},"end":{"line":29,"column":32}},"16":{"start":{"line":30,"column":2},"end":{"line":33,"column":5}}},"fnMap":{"0":{"name":"(anonymous_0)","decl":{"start":{"line":4,"column":24},"end":{"line":4,"column":25}},"loc":{"start":{"line":4,"column":30},"end":{"line":8,"column":1}},"line":4},"1":{"name":"(anonymous_1)","decl":{"start":{"line":5,"column":9},"end":{"line":5,"column":10}},"loc":{"start":{"line":5,"column":34},"end":{"line":7,"column":3}},"line":5},"2":{"name":"(anonymous_2)","decl":{"start":{"line":10,"column":26},"end":{"line":10,"column":27}},"loc":{"start":{"line":10,"column":51},"end":{"line":19,"column":1}},"line":10},"3":{"name":"(anonymous_3)","decl":{"start":{"line":21,"column":21},"end":{"line":21,"column":22}},"loc":{"start":{"line":21,"column":46},"end":{"line":26,"column":1}},"line":21},"4":{"name":"(anonymous_4)","decl":{"start":{"line":28,"column":20},"end":{"line":28,"column":21}},"loc":{"start":{"line":28,"column":45},"end":{"line":34,"column":1}},"line":28}},"branchMap":{"0":{"loc":{"start":{"line":11,"column":2},"end":{"line":16,"column":3}},"type":"if","locations":[{"start":{"line":11,"column":2},"end":{"line":16,"column":3}},{"start":{"line":11,"column":2},"end":{"line":16,"column":3}}],"line":11},"1":{"loc":{"start":{"line":11,"column":6},"end":{"line":11,"column":64}},"type":"binary-expr","locations":[{"start":{"line":11,"column":6},"end":{"line":11,"column":35}},{"start":{"line":11,"column":39},"end":{"line":11,"column":64}}],"line":11},"2":{"loc":{"start":{"line":22,"column":13},"end":{"line":22,"column":30}},"type":"binary-expr","locations":[{"start":{"line":22,"column":13},"end":{"line":22,"column":23}},{"start":{"line":22,"column":27},"end":{"line":22,"column":30}}],"line":22},"3":{"loc":{"start":{"line":29,"column":13},"end":{"line":29,"column":30}},"type":"binary-expr","locations":[{"start":{"line":29,"column":13},"end":{"line":29,"column":23}},{"start":{"line":29,"column":27},"end":{"line":29,"column":30}}],"line":29},"4":{"loc":{"start":{"line":32,"column":11},"end":{"line":32,"column":26}},"type":"binary-expr","locations":[{"start":{"line":32,"column":11},"end":{"line":32,"column":20}},{"start":{"line":32,"column":24},"end":{"line":32,"column":26}}],"line":32}},"s":{"0":2,"1":2,"2":2,"3":16,"4":20,"5":2,"6":7,"7":0,"8":0,"9":0,"10":7,"11":2,"12":0,"13":0,"14":2,"15":7,"16":7},"f":{"0":16,"1":20,"2":7,"3":0,"4":7},"b":{"0":[0,7],"1":[7,7],"2":[0,0],"3":[7,0],"4":[7,0]},"_coverageSchema":"43e27e138ebf9cfc5966b082cf9a028302ed4184","hash":"3990de58390c9fcc3612d82ddffec85e8147f877"}
,"W:\\corotos\\api\\routes\\index.js": {"path":"W:\\corotos\\api\\routes\\index.js","statementMap":{"0":{"start":{"line":1,"column":16},"end":{"line":1,"column":34}},"1":{"start":{"line":2,"column":15},"end":{"line":2,"column":31}},"2":{"start":{"line":4,"column":0},"end":{"line":4,"column":63}},"3":{"start":{"line":5,"column":0},"end":{"line":5,"column":54}},"4":{"start":{"line":7,"column":0},"end":{"line":7,"column":24}}},"fnMap":{},"branchMap":{},"s":{"0":2,"1":2,"2":2,"3":2,"4":2},"f":{},"b":{},"_coverageSchema":"43e27e138ebf9cfc5966b082cf9a028302ed4184","hash":"415ebb32a8aa32aa14443b22e7c7fe4b526b07ea"}
,"W:\\corotos\\api\\routes\\products\\products.controller.js": {"path":"W:\\corotos\\api\\routes\\products\\products.controller.js","statementMap":{"0":{"start":{"line":1,"column":16},"end":{"line":1,"column":43}},"1":{"start":{"line":3,"column":22},"end":{"line":5,"column":1}},"2":{"start":{"line":4,"column":2},"end":{"line":4,"column":49}},"3":{"start":{"line":7,"column":20},"end":{"line":9,"column":1}},"4":{"start":{"line":8,"column":2},"end":{"line":8,"column":26}},"5":{"start":{"line":11,"column":19},"end":{"line":13,"column":1}},"6":{"start":{"line":12,"column":2},"end":{"line":12,"column":30}},"7":{"start":{"line":15,"column":22},"end":{"line":17,"column":1}},"8":{"start":{"line":16,"column":2},"end":{"line":16,"column":39}},"9":{"start":{"line":19,"column":22},"end":{"line":22,"column":1}},"10":{"start":{"line":21,"column":2},"end":{"line":21,"column":82}},"11":{"start":{"line":24,"column":0},"end":{"line":29,"column":1}}},"fnMap":{"0":{"name":"(anonymous_0)","decl":{"start":{"line":3,"column":22},"end":{"line":3,"column":23}},"loc":{"start":{"line":3,"column":42},"end":{"line":5,"column":1}},"line":3},"1":{"name":"(anonymous_1)","decl":{"start":{"line":7,"column":20},"end":{"line":7,"column":21}},"loc":{"start":{"line":7,"column":26},"end":{"line":9,"column":1}},"line":7},"2":{"name":"(anonymous_2)","decl":{"start":{"line":11,"column":19},"end":{"line":11,"column":20}},"loc":{"start":{"line":11,"column":25},"end":{"line":13,"column":1}},"line":11},"3":{"name":"(anonymous_3)","decl":{"start":{"line":15,"column":22},"end":{"line":15,"column":23}},"loc":{"start":{"line":15,"column":28},"end":{"line":17,"column":1}},"line":15},"4":{"name":"(anonymous_4)","decl":{"start":{"line":19,"column":22},"end":{"line":19,"column":23}},"loc":{"start":{"line":19,"column":46},"end":{"line":22,"column":1}},"line":19}},"branchMap":{},"s":{"0":2,"1":2,"2":1,"3":2,"4":0,"5":2,"6":5,"7":2,"8":1,"9":2,"10":0,"11":2},"f":{"0":1,"1":0,"2":5,"3":1,"4":0},"b":{},"_coverageSchema":"43e27e138ebf9cfc5966b082cf9a028302ed4184","hash":"c74c247f30c7a6ea4e3fe4501cb1ec854622ade8"}
,"W:\\corotos\\api\\routes\\products\\products.error.js": {"path":"W:\\corotos\\api\\routes\\products\\products.error.js","statementMap":{"0":{"start":{"line":3,"column":4},"end":{"line":3,"column":15}},"1":{"start":{"line":4,"column":4},"end":{"line":4,"column":92}},"2":{"start":{"line":5,"column":4},"end":{"line":5,"column":22}},"3":{"start":{"line":6,"column":4},"end":{"line":6,"column":36}},"4":{"start":{"line":12,"column":4},"end":{"line":12,"column":15}},"5":{"start":{"line":13,"column":4},"end":{"line":13,"column":104}},"6":{"start":{"line":14,"column":4},"end":{"line":14,"column":22}},"7":{"start":{"line":15,"column":4},"end":{"line":15,"column":30}},"8":{"start":{"line":19,"column":0},"end":{"line":22,"column":1}}},"fnMap":{"0":{"name":"(anonymous_0)","decl":{"start":{"line":2,"column":2},"end":{"line":2,"column":3}},"loc":{"start":{"line":2,"column":19},"end":{"line":7,"column":3}},"line":2},"1":{"name":"(anonymous_1)","decl":{"start":{"line":11,"column":2},"end":{"line":11,"column":3}},"loc":{"start":{"line":11,"column":19},"end":{"line":16,"column":3}},"line":11}},"branchMap":{"0":{"loc":{"start":{"line":4,"column":19},"end":{"line":4,"column":91}},"type":"binary-expr","locations":[{"start":{"line":4,"column":19},"end":{"line":4,"column":22}},{"start":{"line":4,"column":26},"end":{"line":4,"column":91}}],"line":4},"1":{"loc":{"start":{"line":13,"column":19},"end":{"line":13,"column":103}},"type":"binary-expr","locations":[{"start":{"line":13,"column":19},"end":{"line":13,"column":22}},{"start":{"line":13,"column":26},"end":{"line":13,"column":103}}],"line":13}},"s":{"0":2,"1":2,"2":2,"3":2,"4":1,"5":1,"6":1,"7":1,"8":2},"f":{"0":2,"1":1},"b":{"0":[2,0],"1":[1,0]},"_coverageSchema":"43e27e138ebf9cfc5966b082cf9a028302ed4184","hash":"1f29d1aa8ca2068d4053fb27ddddbc864d772bd3"}
,"W:\\corotos\\api\\routes\\products\\products.model.js": {"path":"W:\\corotos\\api\\routes\\products\\products.model.js","statementMap":{"0":{"start":{"line":1,"column":17},"end":{"line":1,"column":36}},"1":{"start":{"line":3,"column":22},"end":{"line":23,"column":2}},"2":{"start":{"line":25,"column":0},"end":{"line":25,"column":57}}},"fnMap":{},"branchMap":{},"s":{"0":2,"1":2,"2":2},"f":{},"b":{},"_coverageSchema":"43e27e138ebf9cfc5966b082cf9a028302ed4184","hash":"3c5527831056478279c69f18cd0d0649572a0d8c"}
,"W:\\corotos\\api\\routes\\products\\products.routes.js": {"path":"W:\\corotos\\api\\routes\\products\\products.routes.js","statementMap":{"0":{"start":{"line":1,"column":16},"end":{"line":1,"column":34}},"1":{"start":{"line":2,"column":17},"end":{"line":2,"column":36}},"2":{"start":{"line":3,"column":24},"end":{"line":3,"column":54}},"3":{"start":{"line":4,"column":12},"end":{"line":4,"column":44}},"4":{"start":{"line":5,"column":19},"end":{"line":5,"column":55}},"5":{"start":{"line":6,"column":26},"end":{"line":6,"column":58}},"6":{"start":{"line":7,"column":22},"end":{"line":7,"column":71}},"7":{"start":{"line":8,"column":45},"end":{"line":8,"column":72}},"8":{"start":{"line":10,"column":24},"end":{"line":10,"column":72}},"9":{"start":{"line":11,"column":23},"end":{"line":11,"column":39}},"10":{"start":{"line":13,"column":0},"end":{"line":22,"column":2}},"11":{"start":{"line":16,"column":4},"end":{"line":20,"column":7}},"12":{"start":{"line":17,"column":6},"end":{"line":17,"column":60}},"13":{"start":{"line":19,"column":6},"end":{"line":19,"column":25}},"14":{"start":{"line":24,"column":0},"end":{"line":36,"column":2}},"15":{"start":{"line":28,"column":4},"end":{"line":34,"column":9}},"16":{"start":{"line":31,"column":8},"end":{"line":31,"column":74}},"17":{"start":{"line":33,"column":8},"end":{"line":33,"column":41}},"18":{"start":{"line":38,"column":0},"end":{"line":58,"column":2}},"19":{"start":{"line":42,"column":15},"end":{"line":42,"column":28}},"20":{"start":{"line":44,"column":4},"end":{"line":56,"column":7}},"21":{"start":{"line":45,"column":6},"end":{"line":51,"column":7}},"22":{"start":{"line":46,"column":8},"end":{"line":46,"column":58}},"23":{"start":{"line":48,"column":8},"end":{"line":50,"column":10}},"24":{"start":{"line":53,"column":6},"end":{"line":53,"column":52}},"25":{"start":{"line":55,"column":6},"end":{"line":55,"column":24}},"26":{"start":{"line":60,"column":0},"end":{"line":100,"column":2}},"27":{"start":{"line":64,"column":13},"end":{"line":64,"column":26}},"28":{"start":{"line":65,"column":15},"end":{"line":65,"column":32}},"29":{"start":{"line":68,"column":4},"end":{"line":68,"column":62}},"30":{"start":{"line":70,"column":4},"end":{"line":74,"column":5}},"31":{"start":{"line":71,"column":6},"end":{"line":71,"column":74}},"32":{"start":{"line":73,"column":6},"end":{"line":73,"column":80}},"33":{"start":{"line":76,"column":4},"end":{"line":86,"column":5}},"34":{"start":{"line":77,"column":6},"end":{"line":81,"column":8}},"35":{"start":{"line":83,"column":6},"end":{"line":85,"column":8}},"36":{"start":{"line":90,"column":4},"end":{"line":94,"column":6}},"37":{"start":{"line":96,"column":4},"end":{"line":96,"column":68}},"38":{"start":{"line":98,"column":4},"end":{"line":98,"column":29}},"39":{"start":{"line":102,"column":0},"end":{"line":138,"column":2}},"40":{"start":{"line":106,"column":15},"end":{"line":106,"column":28}},"41":{"start":{"line":110,"column":4},"end":{"line":110,"column":61}},"42":{"start":{"line":112,"column":4},"end":{"line":116,"column":5}},"43":{"start":{"line":113,"column":6},"end":{"line":113,"column":76}},"44":{"start":{"line":115,"column":6},"end":{"line":115,"column":80}},"45":{"start":{"line":118,"column":15},"end":{"line":118,"column":32}},"46":{"start":{"line":120,"column":4},"end":{"line":130,"column":5}},"47":{"start":{"line":121,"column":6},"end":{"line":125,"column":8}},"48":{"start":{"line":127,"column":6},"end":{"line":129,"column":8}},"49":{"start":{"line":132,"column":25},"end":{"line":132,"column":66}},"50":{"start":{"line":134,"column":4},"end":{"line":134,"column":52}},"51":{"start":{"line":136,"column":4},"end":{"line":136,"column":29}},"52":{"start":{"line":140,"column":0},"end":{"line":140,"column":32}}},"fnMap":{"0":{"name":"(anonymous_0)","decl":{"start":{"line":15,"column":16},"end":{"line":15,"column":17}},"loc":{"start":{"line":15,"column":31},"end":{"line":21,"column":3}},"line":15},"1":{"name":"(anonymous_1)","decl":{"start":{"line":16,"column":48},"end":{"line":16,"column":49}},"loc":{"start":{"line":16,"column":60},"end":{"line":20,"column":5}},"line":16},"2":{"name":"(anonymous_2)","decl":{"start":{"line":27,"column":16},"end":{"line":27,"column":17}},"loc":{"start":{"line":27,"column":30},"end":{"line":35,"column":3}},"line":27},"3":{"name":"(anonymous_3)","decl":{"start":{"line":30,"column":12},"end":{"line":30,"column":13}},"loc":{"start":{"line":30,"column":26},"end":{"line":34,"column":7}},"line":30},"4":{"name":"(anonymous_4)","decl":{"start":{"line":41,"column":16},"end":{"line":41,"column":17}},"loc":{"start":{"line":41,"column":30},"end":{"line":57,"column":3}},"line":41},"5":{"name":"(anonymous_5)","decl":{"start":{"line":44,"column":49},"end":{"line":44,"column":50}},"loc":{"start":{"line":44,"column":60},"end":{"line":56,"column":5}},"line":44},"6":{"name":"(anonymous_6)","decl":{"start":{"line":63,"column":16},"end":{"line":63,"column":17}},"loc":{"start":{"line":63,"column":36},"end":{"line":99,"column":3}},"line":63},"7":{"name":"(anonymous_7)","decl":{"start":{"line":105,"column":16},"end":{"line":105,"column":17}},"loc":{"start":{"line":105,"column":36},"end":{"line":137,"column":3}},"line":105}},"branchMap":{"0":{"loc":{"start":{"line":45,"column":6},"end":{"line":51,"column":7}},"type":"if","locations":[{"start":{"line":45,"column":6},"end":{"line":51,"column":7}},{"start":{"line":45,"column":6},"end":{"line":51,"column":7}}],"line":45},"1":{"loc":{"start":{"line":70,"column":4},"end":{"line":74,"column":5}},"type":"if","locations":[{"start":{"line":70,"column":4},"end":{"line":74,"column":5}},{"start":{"line":70,"column":4},"end":{"line":74,"column":5}}],"line":70},"2":{"loc":{"start":{"line":76,"column":4},"end":{"line":86,"column":5}},"type":"if","locations":[{"start":{"line":76,"column":4},"end":{"line":86,"column":5}},{"start":{"line":76,"column":4},"end":{"line":86,"column":5}}],"line":76},"3":{"loc":{"start":{"line":112,"column":4},"end":{"line":116,"column":5}},"type":"if","locations":[{"start":{"line":112,"column":4},"end":{"line":116,"column":5}},{"start":{"line":112,"column":4},"end":{"line":116,"column":5}}],"line":112},"4":{"loc":{"start":{"line":120,"column":4},"end":{"line":130,"column":5}},"type":"if","locations":[{"start":{"line":120,"column":4},"end":{"line":130,"column":5}},{"start":{"line":120,"column":4},"end":{"line":130,"column":5}}],"line":120}},"s":{"0":2,"1":2,"2":2,"3":2,"4":2,"5":2,"6":2,"7":2,"8":2,"9":2,"10":2,"11":0,"12":0,"13":0,"14":2,"15":1,"16":1,"17":1,"18":2,"19":2,"20":2,"21":2,"22":1,"23":1,"24":1,"25":1,"26":2,"27":0,"28":0,"29":0,"30":0,"31":0,"32":0,"33":0,"34":0,"35":0,"36":0,"37":0,"38":0,"39":2,"40":3,"41":3,"42":3,"43":1,"44":1,"45":2,"46":2,"47":1,"48":1,"49":1,"50":1,"51":1,"52":2},"f":{"0":0,"1":0,"2":1,"3":1,"4":2,"5":2,"6":0,"7":3},"b":{"0":[1,1],"1":[0,0],"2":[0,0],"3":[1,2],"4":[1,1]},"_coverageSchema":"43e27e138ebf9cfc5966b082cf9a028302ed4184","hash":"4446e48ce5b7454d7562102267037c83d7a40c09"}
,"W:\\corotos\\api\\routes\\products\\products.validate.js": {"path":"W:\\corotos\\api\\routes\\products\\products.validate.js","statementMap":{"0":{"start":{"line":1,"column":12},"end":{"line":1,"column":26}},"1":{"start":{"line":2,"column":12},"end":{"line":2,"column":44}},"2":{"start":{"line":4,"column":22},"end":{"line":16,"column":2}},"3":{"start":{"line":18,"column":0},"end":{"line":43,"column":2}},"4":{"start":{"line":19,"column":15},"end":{"line":22,"column":4}},"5":{"start":{"line":24,"column":2},"end":{"line":42,"column":3}},"6":{"start":{"line":25,"column":4},"end":{"line":25,"column":11}},"7":{"start":{"line":27,"column":27},"end":{"line":29,"column":10}},"8":{"start":{"line":28,"column":6},"end":{"line":28,"column":41}},"9":{"start":{"line":31,"column":4},"end":{"line":35,"column":6}},"10":{"start":{"line":37,"column":4},"end":{"line":41,"column":8}}},"fnMap":{"0":{"name":"(anonymous_0)","decl":{"start":{"line":18,"column":17},"end":{"line":18,"column":18}},"loc":{"start":{"line":18,"column":37},"end":{"line":43,"column":1}},"line":18},"1":{"name":"(anonymous_1)","decl":{"start":{"line":27,"column":55},"end":{"line":27,"column":56}},"loc":{"start":{"line":27,"column":71},"end":{"line":29,"column":5}},"line":27}},"branchMap":{"0":{"loc":{"start":{"line":24,"column":2},"end":{"line":42,"column":3}},"type":"if","locations":[{"start":{"line":24,"column":2},"end":{"line":42,"column":3}},{"start":{"line":24,"column":2},"end":{"line":42,"column":3}}],"line":24}},"s":{"0":2,"1":2,"2":2,"3":2,"4":4,"5":4,"6":1,"7":3,"8":3,"9":3,"10":3},"f":{"0":4,"1":3},"b":{"0":[1,3]},"_coverageSchema":"43e27e138ebf9cfc5966b082cf9a028302ed4184","hash":"4156adf6cd9bab2cbf22b446322e757835fa1e04"}
,"W:\\corotos\\api\\routes\\users\\bodyToLowercase.js": {"path":"W:\\corotos\\api\\routes\\users\\bodyToLowercase.js","statementMap":{"0":{"start":{"line":1,"column":0},"end":{"line":7,"column":1}},"1":{"start":{"line":2,"column":2},"end":{"line":2,"column":77}},"2":{"start":{"line":4,"column":2},"end":{"line":4,"column":68}},"3":{"start":{"line":6,"column":2},"end":{"line":6,"column":9}}},"fnMap":{"0":{"name":"(anonymous_0)","decl":{"start":{"line":1,"column":17},"end":{"line":1,"column":18}},"loc":{"start":{"line":1,"column":38},"end":{"line":7,"column":1}},"line":1}},"branchMap":{"0":{"loc":{"start":{"line":2,"column":2},"end":{"line":2,"column":76}},"type":"binary-expr","locations":[{"start":{"line":2,"column":2},"end":{"line":2,"column":19}},{"start":{"line":2,"column":24},"end":{"line":2,"column":75}}],"line":2},"1":{"loc":{"start":{"line":4,"column":2},"end":{"line":4,"column":67}},"type":"binary-expr","locations":[{"start":{"line":4,"column":2},"end":{"line":4,"column":16}},{"start":{"line":4,"column":21},"end":{"line":4,"column":66}}],"line":4}},"s":{"0":2,"1":12,"2":12,"3":12},"f":{"0":12},"b":{"0":[12,12],"1":[12,6]},"_coverageSchema":"43e27e138ebf9cfc5966b082cf9a028302ed4184","hash":"ed8c9d30c0e21a5fe3a22742ceda494657ee00b5"}
,"W:\\corotos\\api\\routes\\users\\users.controller.js": {"path":"W:\\corotos\\api\\routes\\users\\users.controller.js","statementMap":{"0":{"start":{"line":1,"column":13},"end":{"line":1,"column":37}},"1":{"start":{"line":3,"column":17},"end":{"line":5,"column":1}},"2":{"start":{"line":4,"column":2},"end":{"line":4,"column":23}},"3":{"start":{"line":7,"column":19},"end":{"line":12,"column":1}},"4":{"start":{"line":8,"column":2},"end":{"line":11,"column":12}},"5":{"start":{"line":14,"column":18},"end":{"line":24,"column":1}},"6":{"start":{"line":15,"column":2},"end":{"line":23,"column":4}},"7":{"start":{"line":16,"column":4},"end":{"line":22,"column":6}},"8":{"start":{"line":18,"column":6},"end":{"line":18,"column":32}},"9":{"start":{"line":21,"column":6},"end":{"line":21,"column":19}},"10":{"start":{"line":26,"column":16},"end":{"line":35,"column":1}},"11":{"start":{"line":27,"column":27},"end":{"line":27,"column":31}},"12":{"start":{"line":29,"column":2},"end":{"line":29,"column":48}},"13":{"start":{"line":29,"column":16},"end":{"line":29,"column":48}},"14":{"start":{"line":31,"column":2},"end":{"line":31,"column":35}},"15":{"start":{"line":31,"column":10},"end":{"line":31,"column":35}},"16":{"start":{"line":33,"column":2},"end":{"line":33,"column":102}},"17":{"start":{"line":38,"column":0},"end":{"line":43,"column":1}}},"fnMap":{"0":{"name":"(anonymous_0)","decl":{"start":{"line":3,"column":17},"end":{"line":3,"column":18}},"loc":{"start":{"line":3,"column":23},"end":{"line":5,"column":1}},"line":3},"1":{"name":"(anonymous_1)","decl":{"start":{"line":7,"column":19},"end":{"line":7,"column":20}},"loc":{"start":{"line":7,"column":45},"end":{"line":12,"column":1}},"line":7},"2":{"name":"(anonymous_2)","decl":{"start":{"line":14,"column":18},"end":{"line":14,"column":19}},"loc":{"start":{"line":14,"column":39},"end":{"line":24,"column":1}},"line":14},"3":{"name":"(anonymous_3)","decl":{"start":{"line":15,"column":21},"end":{"line":15,"column":22}},"loc":{"start":{"line":15,"column":42},"end":{"line":23,"column":3}},"line":15},"4":{"name":"(anonymous_4)","decl":{"start":{"line":17,"column":10},"end":{"line":17,"column":11}},"loc":{"start":{"line":17,"column":19},"end":{"line":19,"column":5}},"line":17},"5":{"name":"(anonymous_5)","decl":{"start":{"line":20,"column":11},"end":{"line":20,"column":12}},"loc":{"start":{"line":20,"column":20},"end":{"line":22,"column":5}},"line":20},"6":{"name":"(anonymous_6)","decl":{"start":{"line":26,"column":16},"end":{"line":26,"column":17}},"loc":{"start":{"line":26,"column":26},"end":{"line":35,"column":1}},"line":26}},"branchMap":{"0":{"loc":{"start":{"line":29,"column":2},"end":{"line":29,"column":48}},"type":"if","locations":[{"start":{"line":29,"column":2},"end":{"line":29,"column":48}},{"start":{"line":29,"column":2},"end":{"line":29,"column":48}}],"line":29},"1":{"loc":{"start":{"line":31,"column":2},"end":{"line":31,"column":35}},"type":"if","locations":[{"start":{"line":31,"column":2},"end":{"line":31,"column":35}},{"start":{"line":31,"column":2},"end":{"line":31,"column":35}}],"line":31}},"s":{"0":2,"1":2,"2":2,"3":2,"4":4,"5":2,"6":6,"7":6,"8":6,"9":0,"10":2,"11":14,"12":14,"13":6,"14":8,"15":8,"16":0,"17":2},"f":{"0":2,"1":4,"2":6,"3":6,"4":6,"5":0,"6":14},"b":{"0":[6,8],"1":[8,0]},"_coverageSchema":"43e27e138ebf9cfc5966b082cf9a028302ed4184","hash":"1094962f63840b211ed8253bcb388cb8544fd5be"}
,"W:\\corotos\\api\\routes\\users\\users.error.js": {"path":"W:\\corotos\\api\\routes\\users\\users.error.js","statementMap":{"0":{"start":{"line":3,"column":4},"end":{"line":3,"column":15}},"1":{"start":{"line":4,"column":4},"end":{"line":5,"column":75}},"2":{"start":{"line":6,"column":4},"end":{"line":6,"column":22}},"3":{"start":{"line":7,"column":4},"end":{"line":7,"column":32}},"4":{"start":{"line":13,"column":4},"end":{"line":13,"column":15}},"5":{"start":{"line":14,"column":4},"end":{"line":16,"column":78}},"6":{"start":{"line":17,"column":4},"end":{"line":17,"column":22}},"7":{"start":{"line":18,"column":4},"end":{"line":18,"column":37}},"8":{"start":{"line":22,"column":0},"end":{"line":25,"column":2}}},"fnMap":{"0":{"name":"(anonymous_0)","decl":{"start":{"line":2,"column":2},"end":{"line":2,"column":3}},"loc":{"start":{"line":2,"column":19},"end":{"line":8,"column":3}},"line":2},"1":{"name":"(anonymous_1)","decl":{"start":{"line":12,"column":2},"end":{"line":12,"column":3}},"loc":{"start":{"line":12,"column":19},"end":{"line":19,"column":3}},"line":12}},"branchMap":{"0":{"loc":{"start":{"line":5,"column":6},"end":{"line":5,"column":74}},"type":"binary-expr","locations":[{"start":{"line":5,"column":6},"end":{"line":5,"column":9}},{"start":{"line":5,"column":13},"end":{"line":5,"column":74}}],"line":5},"1":{"loc":{"start":{"line":15,"column":6},"end":{"line":16,"column":77}},"type":"binary-expr","locations":[{"start":{"line":15,"column":6},"end":{"line":15,"column":9}},{"start":{"line":16,"column":6},"end":{"line":16,"column":77}}],"line":15}},"s":{"0":2,"1":2,"2":2,"3":2,"4":2,"5":2,"6":2,"7":2,"8":2},"f":{"0":2,"1":2},"b":{"0":[2,2],"1":[2,2]},"_coverageSchema":"43e27e138ebf9cfc5966b082cf9a028302ed4184","hash":"8ba6d3ab6cf95c08e7121b81c7a15f3cf709f0a3"}
,"W:\\corotos\\api\\routes\\users\\users.model.js": {"path":"W:\\corotos\\api\\routes\\users\\users.model.js","statementMap":{"0":{"start":{"line":1,"column":17},"end":{"line":1,"column":36}},"1":{"start":{"line":3,"column":19},"end":{"line":19,"column":2}},"2":{"start":{"line":21,"column":0},"end":{"line":21,"column":51}}},"fnMap":{},"branchMap":{},"s":{"0":2,"1":2,"2":2},"f":{},"b":{},"_coverageSchema":"43e27e138ebf9cfc5966b082cf9a028302ed4184","hash":"5646008e6537ba888346690af365cb2816bd7537"}
,"W:\\corotos\\api\\routes\\users\\users.routes.js": {"path":"W:\\corotos\\api\\routes\\users\\users.routes.js","statementMap":{"0":{"start":{"line":1,"column":16},"end":{"line":1,"column":34}},"1":{"start":{"line":2,"column":15},"end":{"line":2,"column":32}},"2":{"start":{"line":3,"column":12},"end":{"line":3,"column":35}},"3":{"start":{"line":5,"column":12},"end":{"line":5,"column":44}},"4":{"start":{"line":6,"column":21},"end":{"line":6,"column":61}},"5":{"start":{"line":7,"column":24},"end":{"line":7,"column":52}},"6":{"start":{"line":8,"column":22},"end":{"line":8,"column":63}},"7":{"start":{"line":9,"column":15},"end":{"line":9,"column":41}},"8":{"start":{"line":10,"column":22},"end":{"line":10,"column":71}},"9":{"start":{"line":11,"column":46},"end":{"line":11,"column":70}},"10":{"start":{"line":12,"column":23},"end":{"line":12,"column":52}},"11":{"start":{"line":14,"column":20},"end":{"line":14,"column":36}},"12":{"start":{"line":16,"column":0},"end":{"line":25,"column":2}},"13":{"start":{"line":19,"column":18},"end":{"line":19,"column":49}},"14":{"start":{"line":21,"column":4},"end":{"line":21,"column":52}},"15":{"start":{"line":23,"column":4},"end":{"line":23,"column":20}},"16":{"start":{"line":27,"column":0},"end":{"line":56,"column":2}},"17":{"start":{"line":31,"column":18},"end":{"line":31,"column":26}},"18":{"start":{"line":33,"column":4},"end":{"line":54,"column":9}},"19":{"start":{"line":36,"column":8},"end":{"line":44,"column":9}},"20":{"start":{"line":37,"column":10},"end":{"line":41,"column":12}},"21":{"start":{"line":43,"column":10},"end":{"line":43,"column":36}},"22":{"start":{"line":46,"column":8},"end":{"line":46,"column":49}},"23":{"start":{"line":49,"column":8},"end":{"line":53,"column":13}},"24":{"start":{"line":52,"column":12},"end":{"line":52,"column":42}},"25":{"start":{"line":58,"column":0},"end":{"line":106,"column":2}},"26":{"start":{"line":62,"column":22},"end":{"line":62,"column":30}},"27":{"start":{"line":65,"column":4},"end":{"line":67,"column":7}},"28":{"start":{"line":69,"column":4},"end":{"line":75,"column":5}},"29":{"start":{"line":70,"column":6},"end":{"line":72,"column":8}},"30":{"start":{"line":74,"column":6},"end":{"line":74,"column":37}},"31":{"start":{"line":79,"column":4},"end":{"line":82,"column":6}},"32":{"start":{"line":84,"column":4},"end":{"line":104,"column":5}},"33":{"start":{"line":85,"column":18},"end":{"line":91,"column":7}},"34":{"start":{"line":93,"column":6},"end":{"line":93,"column":77}},"35":{"start":{"line":95,"column":6},"end":{"line":95,"column":57}},"36":{"start":{"line":97,"column":6},"end":{"line":101,"column":8}},"37":{"start":{"line":103,"column":6},"end":{"line":103,"column":37}},"38":{"start":{"line":108,"column":0},"end":{"line":108,"column":29}}},"fnMap":{"0":{"name":"(anonymous_0)","decl":{"start":{"line":18,"column":16},"end":{"line":18,"column":17}},"loc":{"start":{"line":18,"column":37},"end":{"line":24,"column":3}},"line":18},"1":{"name":"(anonymous_1)","decl":{"start":{"line":30,"column":16},"end":{"line":30,"column":17}},"loc":{"start":{"line":30,"column":30},"end":{"line":55,"column":3}},"line":30},"2":{"name":"(anonymous_2)","decl":{"start":{"line":35,"column":12},"end":{"line":35,"column":13}},"loc":{"start":{"line":35,"column":26},"end":{"line":47,"column":7}},"line":35},"3":{"name":"(anonymous_3)","decl":{"start":{"line":48,"column":12},"end":{"line":48,"column":13}},"loc":{"start":{"line":48,"column":30},"end":{"line":54,"column":7}},"line":48},"4":{"name":"(anonymous_4)","decl":{"start":{"line":51,"column":16},"end":{"line":51,"column":17}},"loc":{"start":{"line":51,"column":27},"end":{"line":53,"column":11}},"line":51},"5":{"name":"(anonymous_5)","decl":{"start":{"line":61,"column":16},"end":{"line":61,"column":17}},"loc":{"start":{"line":61,"column":36},"end":{"line":105,"column":3}},"line":61}},"branchMap":{"0":{"loc":{"start":{"line":36,"column":8},"end":{"line":44,"column":9}},"type":"if","locations":[{"start":{"line":36,"column":8},"end":{"line":44,"column":9}},{"start":{"line":36,"column":8},"end":{"line":44,"column":9}}],"line":36},"1":{"loc":{"start":{"line":69,"column":4},"end":{"line":75,"column":5}},"type":"if","locations":[{"start":{"line":69,"column":4},"end":{"line":75,"column":5}},{"start":{"line":69,"column":4},"end":{"line":75,"column":5}}],"line":69},"2":{"loc":{"start":{"line":84,"column":4},"end":{"line":104,"column":5}},"type":"if","locations":[{"start":{"line":84,"column":4},"end":{"line":104,"column":5}},{"start":{"line":84,"column":4},"end":{"line":104,"column":5}}],"line":84}},"s":{"0":2,"1":2,"2":2,"3":2,"4":2,"5":2,"6":2,"7":2,"8":2,"9":2,"10":2,"11":2,"12":2,"13":2,"14":2,"15":2,"16":2,"17":6,"18":6,"19":6,"20":2,"21":2,"22":4,"23":4,"24":4,"25":2,"26":6,"27":6,"28":6,"29":1,"30":1,"31":5,"32":5,"33":4,"34":4,"35":4,"36":1,"37":1,"38":2},"f":{"0":2,"1":6,"2":6,"3":4,"4":4,"5":6},"b":{"0":[2,4],"1":[1,5],"2":[4,1]},"_coverageSchema":"43e27e138ebf9cfc5966b082cf9a028302ed4184","hash":"28cc5a202eccebf95d2cea42fc98a05279eb7b27"}
,"W:\\corotos\\api\\routes\\users\\users.validate.js": {"path":"W:\\corotos\\api\\routes\\users\\users.validate.js","statementMap":{"0":{"start":{"line":1,"column":12},"end":{"line":1,"column":26}},"1":{"start":{"line":2,"column":12},"end":{"line":2,"column":44}},"2":{"start":{"line":4,"column":19},"end":{"line":17,"column":2}},"3":{"start":{"line":19,"column":19},"end":{"line":39,"column":1}},"4":{"start":{"line":20,"column":15},"end":{"line":23,"column":4}},"5":{"start":{"line":25,"column":2},"end":{"line":38,"column":3}},"6":{"start":{"line":26,"column":4},"end":{"line":26,"column":11}},"7":{"start":{"line":28,"column":4},"end":{"line":31,"column":6}},"8":{"start":{"line":30,"column":40},"end":{"line":30,"column":53}},"9":{"start":{"line":33,"column":4},"end":{"line":37,"column":8}},"10":{"start":{"line":41,"column":20},"end":{"line":44,"column":2}},"11":{"start":{"line":46,"column":20},"end":{"line":61,"column":1}},"12":{"start":{"line":47,"column":17},"end":{"line":50,"column":4}},"13":{"start":{"line":52,"column":2},"end":{"line":60,"column":3}},"14":{"start":{"line":53,"column":4},"end":{"line":53,"column":11}},"15":{"start":{"line":55,"column":4},"end":{"line":59,"column":8}},"16":{"start":{"line":63,"column":0},"end":{"line":66,"column":2}}},"fnMap":{"0":{"name":"(anonymous_0)","decl":{"start":{"line":19,"column":19},"end":{"line":19,"column":20}},"loc":{"start":{"line":19,"column":39},"end":{"line":39,"column":1}},"line":19},"1":{"name":"(anonymous_1)","decl":{"start":{"line":30,"column":31},"end":{"line":30,"column":32}},"loc":{"start":{"line":30,"column":40},"end":{"line":30,"column":53}},"line":30},"2":{"name":"(anonymous_2)","decl":{"start":{"line":46,"column":20},"end":{"line":46,"column":21}},"loc":{"start":{"line":46,"column":40},"end":{"line":61,"column":1}},"line":46}},"branchMap":{"0":{"loc":{"start":{"line":25,"column":2},"end":{"line":38,"column":3}},"type":"if","locations":[{"start":{"line":25,"column":2},"end":{"line":38,"column":3}},{"start":{"line":25,"column":2},"end":{"line":38,"column":3}}],"line":25},"1":{"loc":{"start":{"line":52,"column":2},"end":{"line":60,"column":3}},"type":"if","locations":[{"start":{"line":52,"column":2},"end":{"line":60,"column":3}},{"start":{"line":52,"column":2},"end":{"line":60,"column":3}}],"line":52}},"s":{"0":2,"1":2,"2":2,"3":2,"4":14,"5":14,"6":6,"7":8,"8":8,"9":8,"10":2,"11":2,"12":8,"13":8,"14":6,"15":2,"16":2},"f":{"0":14,"1":8,"2":8},"b":{"0":[6,8],"1":[6,2]},"_coverageSchema":"43e27e138ebf9cfc5966b082cf9a028302ed4184","hash":"d5a041387e06addf2902c0a3d16334eec1f3bdb4"}
,"W:\\corotos\\config\\index.js": {"path":"W:\\corotos\\config\\index.js","statementMap":{"0":{"start":{"line":1,"column":19},"end":{"line":1,"column":56}},"1":{"start":{"line":3,"column":19},"end":{"line":7,"column":1}},"2":{"start":{"line":9,"column":23},"end":{"line":9,"column":25}},"3":{"start":{"line":11,"column":0},"end":{"line":26,"column":1}},"4":{"start":{"line":13,"column":4},"end":{"line":13,"column":40}},"5":{"start":{"line":14,"column":4},"end":{"line":14,"column":10}},"6":{"start":{"line":17,"column":4},"end":{"line":17,"column":41}},"7":{"start":{"line":18,"column":4},"end":{"line":18,"column":10}},"8":{"start":{"line":21,"column":4},"end":{"line":21,"column":41}},"9":{"start":{"line":22,"column":4},"end":{"line":22,"column":10}},"10":{"start":{"line":25,"column":4},"end":{"line":25,"column":40}},"11":{"start":{"line":28,"column":0},"end":{"line":31,"column":2}}},"fnMap":{},"branchMap":{"0":{"loc":{"start":{"line":1,"column":19},"end":{"line":1,"column":56}},"type":"binary-expr","locations":[{"start":{"line":1,"column":19},"end":{"line":1,"column":39}},{"start":{"line":1,"column":43},"end":{"line":1,"column":56}}],"line":1},"1":{"loc":{"start":{"line":11,"column":0},"end":{"line":26,"column":1}},"type":"switch","locations":[{"start":{"line":12,"column":2},"end":{"line":14,"column":10}},{"start":{"line":16,"column":2},"end":{"line":18,"column":10}},{"start":{"line":20,"column":2},"end":{"line":22,"column":10}},{"start":{"line":24,"column":2},"end":{"line":25,"column":40}}],"line":11}},"s":{"0":2,"1":2,"2":2,"3":2,"4":0,"5":0,"6":0,"7":0,"8":2,"9":2,"10":0,"11":2},"f":{},"b":{"0":[2,0],"1":[0,0,2,0]},"_coverageSchema":"43e27e138ebf9cfc5966b082cf9a028302ed4184","hash":"f317f348646faaf9aa95a52c7d502dcc45231ec8"}
,"W:\\corotos\\config\\test.js": {"path":"W:\\corotos\\config\\test.js","statementMap":{"0":{"start":{"line":1,"column":0},"end":{"line":7,"column":2}}},"fnMap":{},"branchMap":{},"s":{"0":2},"f":{},"b":{},"_coverageSchema":"43e27e138ebf9cfc5966b082cf9a028302ed4184","hash":"c3d942307fe20b4648eed1fe6af0023b0a41ec7a"}
,"W:\\corotos\\utils\\logger.js": {"path":"W:\\corotos\\utils\\logger.js","statementMap":{"0":{"start":{"line":1,"column":16},"end":{"line":1,"column":34}},"1":{"start":{"line":2,"column":15},"end":{"line":2,"column":41}},"2":{"start":{"line":13,"column":0},"end":{"line":43,"column":3}},"3":{"start":{"line":26,"column":57},"end":{"line":26,"column":61}},"4":{"start":{"line":27,"column":10},"end":{"line":29,"column":13}}},"fnMap":{"0":{"name":"(anonymous_0)","decl":{"start":{"line":25,"column":30},"end":{"line":25,"column":31}},"loc":{"start":{"line":25,"column":38},"end":{"line":30,"column":9}},"line":25}},"branchMap":{"0":{"loc":{"start":{"line":28,"column":12},"end":{"line":28,"column":73}},"type":"cond-expr","locations":[{"start":{"line":28,"column":39},"end":{"line":28,"column":68}},{"start":{"line":28,"column":71},"end":{"line":28,"column":73}}],"line":28},"1":{"loc":{"start":{"line":35,"column":13},"end":{"line":35,"column":51}},"type":"cond-expr","locations":[{"start":{"line":35,"column":34},"end":{"line":35,"column":41}},{"start":{"line":35,"column":44},"end":{"line":35,"column":51}}],"line":35}},"s":{"0":2,"1":2,"2":2,"3":74,"4":74},"f":{"0":74},"b":{"0":[11,63],"1":[2,0]},"_coverageSchema":"43e27e138ebf9cfc5966b082cf9a028302ed4184","hash":"85b15708aee95f9322655f6ac4a93b8a666d0372"}
,"W:\\corotos\\utils\\validateId.js": {"path":"W:\\corotos\\utils\\validateId.js","statementMap":{"0":{"start":{"line":1,"column":0},"end":{"line":10,"column":1}},"1":{"start":{"line":2,"column":11},"end":{"line":2,"column":24}},"2":{"start":{"line":4,"column":2},"end":{"line":7,"column":3}},"3":{"start":{"line":5,"column":4},"end":{"line":5,"column":77}},"4":{"start":{"line":6,"column":4},"end":{"line":6,"column":11}},"5":{"start":{"line":9,"column":2},"end":{"line":9,"column":9}}},"fnMap":{"0":{"name":"(anonymous_0)","decl":{"start":{"line":1,"column":17},"end":{"line":1,"column":18}},"loc":{"start":{"line":1,"column":37},"end":{"line":10,"column":1}},"line":1}},"branchMap":{"0":{"loc":{"start":{"line":4,"column":2},"end":{"line":7,"column":3}},"type":"if","locations":[{"start":{"line":4,"column":2},"end":{"line":7,"column":3}},{"start":{"line":4,"column":2},"end":{"line":7,"column":3}}],"line":4}},"s":{"0":2,"1":7,"2":7,"3":2,"4":2,"5":5},"f":{"0":7},"b":{"0":[2,5]},"_coverageSchema":"43e27e138ebf9cfc5966b082cf9a028302ed4184","hash":"f98f6298533d93bd191a0b357d02c7a77d6f34c8"}
}
