TN:
SF:W:\corotos\index.js
FN:19,(anonymous_0)
FN:31,(anonymous_1)
FN:48,(anonymous_2)
FNF:3
FNH:2
FNDA:0,(anonymous_0)
FNDA:37,(anonymous_1)
FNDA:2,(anonymous_2)
DA:1,2
DA:2,2
DA:3,2
DA:4,2
DA:5,2
DA:7,2
DA:8,2
DA:9,2
DA:10,2
DA:11,2
DA:13,2
DA:15,2
DA:19,2
DA:20,0
DA:21,0
DA:24,2
DA:26,2
DA:28,2
DA:31,37
DA:36,2
DA:38,2
DA:40,2
DA:42,2
DA:43,0
DA:45,2
DA:48,2
DA:49,2
DA:52,2
LF:28
LH:25
BRDA:42,0,0,0
BRDA:42,0,1,2
BRF:2
BRH:1
end_of_record
TN:
SF:W:\corotos\api\libs\auth.js
FN:12,(anonymous_0)
FN:14,(anonymous_1)
FN:35,(anonymous_2)
FNF:3
FNH:2
FNDA:8,(anonymous_0)
FNDA:8,(anonymous_1)
FNDA:0,(anonymous_2)
DA:1,2
DA:3,2
DA:4,2
DA:5,2
DA:7,2
DA:12,2
DA:13,8
DA:15,8
DA:16,0
DA:21,0
DA:22,0
DA:25,8
DA:31,8
DA:36,0
DA:38,0
LF:15
LH:10
BRDA:15,0,0,0
BRDA:15,0,1,8
BRF:2
BRH:1
end_of_record
TN:
SF:W:\corotos\api\libs\errorHandlers.js
FN:4,(anonymous_0)
FN:5,(anonymous_1)
FN:10,(anonymous_2)
FN:21,(anonymous_3)
FN:28,(anonymous_4)
FNF:5
FNH:4
FNDA:16,(anonymous_0)
FNDA:20,(anonymous_1)
FNDA:7,(anonymous_2)
FNDA:0,(anonymous_3)
FNDA:7,(anonymous_4)
DA:1,2
DA:2,2
DA:4,2
DA:5,16
DA:6,20
DA:10,2
DA:11,7
DA:12,0
DA:14,0
DA:15,0
DA:18,7
DA:21,2
DA:22,0
DA:23,0
DA:28,2
DA:29,7
DA:30,7
LF:17
LH:12
BRDA:11,0,0,0
BRDA:11,0,1,7
BRDA:11,1,0,7
BRDA:11,1,1,7
BRDA:22,2,0,0
BRDA:22,2,1,0
BRDA:29,3,0,7
BRDA:29,3,1,0
BRDA:32,4,0,7
BRDA:32,4,1,0
BRF:10
BRH:5
end_of_record
TN:
SF:W:\corotos\api\routes\index.js
FNF:0
FNH:0
DA:1,2
DA:2,2
DA:4,2
DA:5,2
DA:7,2
LF:5
LH:5
BRF:0
BRH:0
end_of_record
TN:
SF:W:\corotos\api\routes\products\products.controller.js
FN:3,(anonymous_0)
FN:7,(anonymous_1)
FN:11,(anonymous_2)
FN:15,(anonymous_3)
FN:19,(anonymous_4)
FNF:5
FNH:3
FNDA:1,(anonymous_0)
FNDA:0,(anonymous_1)
FNDA:5,(anonymous_2)
FNDA:1,(anonymous_3)
FNDA:0,(anonymous_4)
DA:1,2
DA:3,2
DA:4,1
DA:7,2
DA:8,0
DA:11,2
DA:12,5
DA:15,2
DA:16,1
DA:19,2
DA:21,0
DA:24,2
LF:12
LH:10
BRF:0
BRH:0
end_of_record
TN:
SF:W:\corotos\api\routes\products\products.error.js
FN:2,(anonymous_0)
FN:11,(anonymous_1)
FNF:2
FNH:2
FNDA:2,(anonymous_0)
FNDA:1,(anonymous_1)
DA:3,2
DA:4,2
DA:5,2
DA:6,2
DA:12,1
DA:13,1
DA:14,1
DA:15,1
DA:19,2
LF:9
LH:9
BRDA:4,0,0,2
BRDA:4,0,1,0
BRDA:13,1,0,1
BRDA:13,1,1,0
BRF:4
BRH:2
end_of_record
TN:
SF:W:\corotos\api\routes\products\products.model.js
FNF:0
FNH:0
DA:1,2
DA:3,2
DA:25,2
LF:3
LH:3
BRF:0
BRH:0
end_of_record
TN:
SF:W:\corotos\api\routes\products\products.routes.js
FN:15,(anonymous_0)
FN:16,(anonymous_1)
FN:27,(anonymous_2)
FN:30,(anonymous_3)
FN:41,(anonymous_4)
FN:44,(anonymous_5)
FN:63,(anonymous_6)
FN:105,(anonymous_7)
FNF:8
FNH:5
FNDA:0,(anonymous_0)
FNDA:0,(anonymous_1)
FNDA:1,(anonymous_2)
FNDA:1,(anonymous_3)
FNDA:2,(anonymous_4)
FNDA:2,(anonymous_5)
FNDA:0,(anonymous_6)
FNDA:3,(anonymous_7)
DA:1,2
DA:2,2
DA:3,2
DA:4,2
DA:5,2
DA:6,2
DA:7,2
DA:8,2
DA:10,2
DA:11,2
DA:13,2
DA:16,0
DA:17,0
DA:19,0
DA:24,2
DA:28,1
DA:31,1
DA:33,1
DA:38,2
DA:42,2
DA:44,2
DA:45,2
DA:46,1
DA:48,1
DA:53,1
DA:55,1
DA:60,2
DA:64,0
DA:65,0
DA:68,0
DA:70,0
DA:71,0
DA:73,0
DA:76,0
DA:77,0
DA:83,0
DA:90,0
DA:96,0
DA:98,0
DA:102,2
DA:106,3
DA:110,3
DA:112,3
DA:113,1
DA:115,1
DA:118,2
DA:120,2
DA:121,1
DA:127,1
DA:132,1
DA:134,1
DA:136,1
DA:140,2
LF:53
LH:38
BRDA:45,0,0,1
BRDA:45,0,1,1
BRDA:70,1,0,0
BRDA:70,1,1,0
BRDA:76,2,0,0
BRDA:76,2,1,0
BRDA:112,3,0,1
BRDA:112,3,1,2
BRDA:120,4,0,1
BRDA:120,4,1,1
BRF:10
BRH:6
end_of_record
TN:
SF:W:\corotos\api\routes\products\products.validate.js
FN:18,(anonymous_0)
FN:27,(anonymous_1)
FNF:2
FNH:2
FNDA:4,(anonymous_0)
FNDA:3,(anonymous_1)
DA:1,2
DA:2,2
DA:4,2
DA:18,2
DA:19,4
DA:24,4
DA:25,1
DA:27,3
DA:28,3
DA:31,3
DA:37,3
LF:11
LH:11
BRDA:24,0,0,1
BRDA:24,0,1,3
BRF:2
BRH:2
end_of_record
TN:
SF:W:\corotos\api\routes\users\bodyToLowercase.js
FN:1,(anonymous_0)
FNF:1
FNH:1
FNDA:12,(anonymous_0)
DA:1,2
DA:2,12
DA:4,12
DA:6,12
LF:4
LH:4
BRDA:2,0,0,12
BRDA:2,0,1,12
BRDA:4,1,0,12
BRDA:4,1,1,6
BRF:4
BRH:4
end_of_record
TN:
SF:W:\corotos\api\routes\users\users.controller.js
FN:3,(anonymous_0)
FN:7,(anonymous_1)
FN:14,(anonymous_2)
FN:15,(anonymous_3)
FN:17,(anonymous_4)
FN:20,(anonymous_5)
FN:26,(anonymous_6)
FNF:7
FNH:6
FNDA:2,(anonymous_0)
FNDA:4,(anonymous_1)
FNDA:6,(anonymous_2)
FNDA:6,(anonymous_3)
FNDA:6,(anonymous_4)
FNDA:0,(anonymous_5)
FNDA:14,(anonymous_6)
DA:1,2
DA:3,2
DA:4,2
DA:7,2
DA:8,4
DA:14,2
DA:15,6
DA:16,6
DA:18,6
DA:21,0
DA:26,2
DA:27,14
DA:29,14
DA:31,8
DA:33,0
DA:38,2
LF:16
LH:14
BRDA:29,0,0,6
BRDA:29,0,1,8
BRDA:31,1,0,8
BRDA:31,1,1,0
BRF:4
BRH:3
end_of_record
TN:
SF:W:\corotos\api\routes\users\users.error.js
FN:2,(anonymous_0)
FN:12,(anonymous_1)
FNF:2
FNH:2
FNDA:2,(anonymous_0)
FNDA:2,(anonymous_1)
DA:3,2
DA:4,2
DA:6,2
DA:7,2
DA:13,2
DA:14,2
DA:17,2
DA:18,2
DA:22,2
LF:9
LH:9
BRDA:5,0,0,2
BRDA:5,0,1,2
BRDA:15,1,0,2
BRDA:15,1,1,2
BRF:4
BRH:4
end_of_record
TN:
SF:W:\corotos\api\routes\users\users.model.js
FNF:0
FNH:0
DA:1,2
DA:3,2
DA:21,2
LF:3
LH:3
BRF:0
BRH:0
end_of_record
TN:
SF:W:\corotos\api\routes\users\users.routes.js
FN:18,(anonymous_0)
FN:30,(anonymous_1)
FN:35,(anonymous_2)
FN:48,(anonymous_3)
FN:51,(anonymous_4)
FN:61,(anonymous_5)
FNF:6
FNH:6
FNDA:2,(anonymous_0)
FNDA:6,(anonymous_1)
FNDA:6,(anonymous_2)
FNDA:4,(anonymous_3)
FNDA:4,(anonymous_4)
FNDA:6,(anonymous_5)
DA:1,2
DA:2,2
DA:3,2
DA:5,2
DA:6,2
DA:7,2
DA:8,2
DA:9,2
DA:10,2
DA:11,2
DA:12,2
DA:14,2
DA:16,2
DA:19,2
DA:21,2
DA:23,2
DA:27,2
DA:31,6
DA:33,6
DA:36,6
DA:37,2
DA:43,2
DA:46,4
DA:49,4
DA:52,4
DA:58,2
DA:62,6
DA:65,6
DA:69,6
DA:70,1
DA:74,1
DA:79,5
DA:84,5
DA:85,4
DA:93,4
DA:95,4
DA:97,1
DA:103,1
DA:108,2
LF:39
LH:39
BRDA:36,0,0,2
BRDA:36,0,1,4
BRDA:69,1,0,1
BRDA:69,1,1,5
BRDA:84,2,0,4
BRDA:84,2,1,1
BRF:6
BRH:6
end_of_record
TN:
SF:W:\corotos\api\routes\users\users.validate.js
FN:19,(anonymous_0)
FN:30,(anonymous_1)
FN:46,(anonymous_2)
FNF:3
FNH:3
FNDA:14,(anonymous_0)
FNDA:8,(anonymous_1)
FNDA:8,(anonymous_2)
DA:1,2
DA:2,2
DA:4,2
DA:19,2
DA:20,14
DA:25,14
DA:26,6
DA:28,8
DA:30,8
DA:33,8
DA:41,2
DA:46,2
DA:47,8
DA:52,8
DA:53,6
DA:55,2
DA:63,2
LF:17
LH:17
BRDA:25,0,0,6
BRDA:25,0,1,8
BRDA:52,1,0,6
BRDA:52,1,1,2
BRF:4
BRH:4
end_of_record
TN:
SF:W:\corotos\config\index.js
FNF:0
FNH:0
DA:1,2
DA:3,2
DA:9,2
DA:11,2
DA:13,0
DA:14,0
DA:17,0
DA:18,0
DA:21,2
DA:22,2
DA:25,0
DA:28,2
LF:12
LH:7
BRDA:1,0,0,2
BRDA:1,0,1,0
BRDA:11,1,0,0
BRDA:11,1,1,0
BRDA:11,1,2,2
BRDA:11,1,3,0
BRF:6
BRH:2
end_of_record
TN:
SF:W:\corotos\config\test.js
FNF:0
FNH:0
DA:1,2
LF:1
LH:1
BRF:0
BRH:0
end_of_record
TN:
SF:W:\corotos\utils\logger.js
FN:25,(anonymous_0)
FNF:1
FNH:1
FNDA:74,(anonymous_0)
DA:1,2
DA:2,2
DA:13,2
DA:26,74
DA:27,74
LF:5
LH:5
BRDA:28,0,0,11
BRDA:28,0,1,63
BRDA:35,1,0,2
BRDA:35,1,1,0
BRF:4
BRH:3
end_of_record
TN:
SF:W:\corotos\utils\validateId.js
FN:1,(anonymous_0)
FNF:1
FNH:1
FNDA:7,(anonymous_0)
DA:1,2
DA:2,7
DA:4,7
DA:5,2
DA:6,2
DA:9,5
LF:6
LH:6
BRDA:4,0,0,2
BRDA:4,0,1,5
BRF:2
BRH:2
end_of_record
